<?xml version="1.0" encoding="UTF-8"?>
<!-- Generated by org.testng.reporters.JUnitReportReporter -->
<testsuite hostname="LAPTOP-EEAS1CV9" failures="0" tests="3" name="learningTestng.FirstTestNg" time="0.040" errors="0" timestamp="16 Dec 2024 08:36:17 GMT" skipped="1">
  <testcase classname="learningTestng.FirstTestNg" name="register" time="0.034"/>
  <testcase classname="learningTestng.FirstTestNg" name="login" time="0.006"/>
  <testcase classname="learningTestng.FirstTestNg" name="addToCart">
    <skipped/>
  </testcase> <!-- addToCart -->
</testsuite> <!-- learningTestng.FirstTestNg -->
